0 info it worked if it ends with ok
1 verbose cli [ '/usr/bin/nodejs', '/usr/bin/npm', 'install', 'ngrok', '-g' ]
2 info using npm@3.5.2
3 info using node@v4.2.6
4 silly loadCurrentTree Starting
5 silly install loadCurrentTree
6 silly install readGlobalPackageData
7 silly fetchPackageMetaData ngrok
8 silly fetchOtherPackageData ngrok
9 silly cache add args [ 'ngrok', null ]
10 verbose cache add spec ngrok
11 silly cache add parsed spec Result {
11 silly cache add   raw: 'ngrok',
11 silly cache add   scope: null,
11 silly cache add   name: null,
11 silly cache add   rawSpec: 'ngrok',
11 silly cache add   spec: '/var/www/elham-master/ngrok',
11 silly cache add   type: 'local' }
12 silly addLocalTarball shasum (computed) 29be417cf98287f20f7ba74ce47b882c95079c6d
13 verbose addTmpTarball /var/www/elham-master/ngrok not in flight; adding
14 verbose addTmpTarball validating metadata from /var/www/elham-master/ngrok
15 verbose tar unpack /var/www/elham-master/ngrok
16 verbose tar unpacking to /tmp/npm-9034-188471c8/unpack-7aee11e4
17 silly gentlyRm /tmp/npm-9034-188471c8/unpack-7aee11e4 is being purged
18 verbose gentlyRm don't care about contents; nuking /tmp/npm-9034-188471c8/unpack-7aee11e4
19 silly gunzTarPerm modes [ '775', '664' ]
20 error not a package /var/www/elham-master/ngrok
21 error addLocal Could not install /var/www/elham-master/ngrok
22 silly fetchPackageMetaData Error: ENOENT: no such file or directory, open '/tmp/npm-9034-188471c8/unpack-7aee11e4/package.json'
22 silly fetchPackageMetaData     at Error (native)
22 silly fetchPackageMetaData  error for ngrok { [Error: ENOENT: no such file or directory, open '/tmp/npm-9034-188471c8/unpack-7aee11e4/package.json']
22 silly fetchPackageMetaData   errno: -2,
22 silly fetchPackageMetaData   code: 'ENOENT',
22 silly fetchPackageMetaData   syscall: 'open',
22 silly fetchPackageMetaData   path: '/tmp/npm-9034-188471c8/unpack-7aee11e4/package.json' }
23 silly rollbackFailedOptional Starting
24 silly rollbackFailedOptional Finishing
25 silly runTopLevelLifecycles Starting
26 silly runTopLevelLifecycles Finishing
27 silly install printInstalled
28 verbose stack Error: ENOENT: no such file or directory, open '/tmp/npm-9034-188471c8/unpack-7aee11e4/package.json'
28 verbose stack     at Error (native)
29 verbose cwd /var/www/elham-master
30 error Linux 4.4.0-31-generic
31 error argv "/usr/bin/nodejs" "/usr/bin/npm" "install" "ngrok" "-g"
32 error node v4.2.6
33 error npm  v3.5.2
34 error path /tmp/npm-9034-188471c8/unpack-7aee11e4/package.json
35 error code ENOENT
36 error errno -2
37 error syscall open
38 error enoent ENOENT: no such file or directory, open '/tmp/npm-9034-188471c8/unpack-7aee11e4/package.json'
39 error enoent ENOENT: no such file or directory, open '/tmp/npm-9034-188471c8/unpack-7aee11e4/package.json'
39 error enoent This is most likely not a problem with npm itself
39 error enoent and is related to npm not being able to find a file.
40 verbose exit [ -2, true ]
